<?xml version="1.0" encoding="UTF-8"?>
<!-- Generated by org.testng.reporters.JUnitReportReporter -->
<testsuite hostname="TYSS-Mamatha" failures="0" tests="1" name="login.DWS_01_Test" time="3.843" errors="0" timestamp="2023-09-23T13:39:04 IST" skipped="0">
  <testcase classname="login.DWS_01_Test" name="Login_With_valid_credentials" time="3.843"/>
  <system-out/>
</testsuite> <!-- login.DWS_01_Test -->
